Detecting C compiler ABI info failed to compile with the following output:
Change Dir: C:/Users/rodri/OneDrive/Documentos/GitHub/circular-array-rodricar99/cmake-build-debug/CMakeFiles/CMakeTmp

Run Build Command(s):C:/PROGRA~1/MINGW-~1/X86_64~1.0-P/mingw64/bin/mingw32-make.exe -f Makefile cmTC_f448a/fast && mingw32-make.exe: *** No rule to make target 'cmTC_f448a/fast'.  Stop.




Detecting C compiler ABI info failed to compile with the following output:
Change Dir: C:/Users/rodri/OneDrive/Documentos/GitHub/circular-array-rodricar99/cmake-build-debug/CMakeFiles/CMakeTmp

Run Build Command(s):C:/PROGRA~1/MINGW-~1/X86_64~1.0-P/mingw64/bin/mingw32-make.exe -f Makefile cmTC_9d460/fast && C:/PROGRA~1/MINGW-~1/X86_64~1.0-P/mingw64/bin/mingw32-make.exe  -f CMakeFiles\cmTC_9d460.dir\build.make CMakeFiles/cmTC_9d460.dir/build
mingw32-make.exe[1]: Entering directory 'C:/Users/rodri/OneDrive/Documentos/GitHub/circular-array-rodricar99/cmake-build-debug/CMakeFiles/CMakeTmp'
mingw32-make.exe[1]: CMakeFiles\cmTC_9d460.dir\build.make: No such file or directory
mingw32-make.exe[1]: *** No rule to make target 'CMakeFiles\cmTC_9d460.dir\build.make'.  Stop.
mingw32-make.exe[1]: Leaving directory 'C:/Users/rodri/OneDrive/Documentos/GitHub/circular-array-rodricar99/cmake-build-debug/CMakeFiles/CMakeTmp'
mingw32-make.exe: *** [Makefile:126: cmTC_9d460/fast] Error 2




Determining if the C compiler works failed with the following output:
Change Dir: C:/Users/rodri/OneDrive/Documentos/GitHub/circular-array-rodricar99/cmake-build-debug/CMakeFiles/CMakeTmp

Run Build Command(s):C:/PROGRA~1/MINGW-~1/X86_64~1.0-P/mingw64/bin/mingw32-make.exe -f Makefile cmTC_81098/fast && C:/PROGRA~1/MINGW-~1/X86_64~1.0-P/mingw64/bin/mingw32-make.exe  -f CMakeFiles\cmTC_81098.dir\build.make CMakeFiles/cmTC_81098.dir/build
mingw32-make.exe[1]: Entering directory 'C:/Users/rodri/OneDrive/Documentos/GitHub/circular-array-rodricar99/cmake-build-debug/CMakeFiles/CMakeTmp'
Building C object CMakeFiles/cmTC_81098.dir/testCCompiler.c.obj
C:\PROGRA~1\MINGW-~1\X86_64~1.0-P\mingw64\bin\gcc.exe    -o CMakeFiles\cmTC_81098.dir\testCCompiler.c.obj -c C:\Users\rodri\OneDrive\Documentos\GitHub\circular-array-rodricar99\cmake-build-debug\CMakeFiles\CMakeTmp\testCCompiler.c
Linking C executable cmTC_81098.exe
"C:\Program Files\JetBrains\CLion 2021.1.1\bin\cmake\win\bin\cmake.exe" -E cmake_link_script CMakeFiles\cmTC_81098.dir\link.txt --verbose=1
Error opening link script "CMakeFiles\cmTC_81098.dir\link.txt"
mingw32-make.exe[1]: *** [CMakeFiles\cmTC_81098.dir\build.make:100: cmTC_81098.exe] Error 1
mingw32-make.exe[1]: Leaving directory 'C:/Users/rodri/OneDrive/Documentos/GitHub/circular-array-rodricar99/cmake-build-debug/CMakeFiles/CMakeTmp'
mingw32-make.exe: *** [Makefile:126: cmTC_81098/fast] Error 2



Detecting CXX compiler ABI info failed to compile with the following output:



Determining if the CXX compiler works failed with the following output:


