The system is: Windows - 10.0.19043 - AMD64
The system is: Windows - 10.0.19043 - AMD64
Compiling the C compiler identification source file "CMakeCCompilerId.c" succeeded.
Compiler: C:/Program Files/mingw-w64/x86_64-8.1.0-posix-seh-rt_v6-rev0/mingw64/bin/gcc.exe 
Build flags: 
Id flags:  

The output was:
0


Compiling the C compiler identification source file "CMakeCCompilerId.c" succeeded.
Compiler: C:/Program Files/mingw-w64/x86_64-8.1.0-posix-seh-rt_v6-rev0/mingw64/bin/gcc.exe 
Build flags: 
Id flags:  

The output was:
0


Compilation of the C compiler identification source "CMakeCCompilerId.c" produced "a.exe"

Compilation of the C compiler identification source "CMakeCCompilerId.c" produced "a.exe"

The C compiler identification is GNU, found in "C:/Users/rodri/OneDrive/Documentos/GitHub/circular-array-rodricar99/cmake-build-debug/CMakeFiles/3.20.2/CompilerIdC/a.exe"

The C compiler identification is GNU, found in "C:/Users/rodri/OneDrive/Documentos/GitHub/circular-array-rodricar99/cmake-build-debug/CMakeFiles/3.20.2/CompilerIdC/a.exe"

Compiling the CXX compiler identification source file "CMakeCXXCompilerId.cpp" succeeded.
Compiler: C:/Program Files/mingw-w64/x86_64-8.1.0-posix-seh-rt_v6-rev0/mingw64/bin/g++.exe 
Build flags: 
Id flags:  

The output was:
0


Compilation of the CXX compiler identification source "CMakeCXXCompilerId.cpp" produced "a.exe"

The CXX compiler identification is GNU, found in "C:/Users/rodri/OneDrive/Documentos/GitHub/circular-array-rodricar99/cmake-build-debug/CMakeFiles/3.20.2/CompilerIdCXX/a.exe"

Compiling the CXX compiler identification source file "CMakeCXXCompilerId.cpp" succeeded.
Compiler: C:/Program Files/mingw-w64/x86_64-8.1.0-posix-seh-rt_v6-rev0/mingw64/bin/g++.exe 
Build flags: 
Id flags:  

The output was:
0


Compilation of the CXX compiler identification source "CMakeCXXCompilerId.cpp" produced "a.exe"

The CXX compiler identification is GNU, found in "C:/Users/rodri/OneDrive/Documentos/GitHub/circular-array-rodricar99/cmake-build-debug/CMakeFiles/3.20.2/CompilerIdCXX/a.exe"

Determining if the C compiler works passed with the following output:
Change Dir: C:/Users/rodri/OneDrive/Documentos/GitHub/circular-array-rodricar99/cmake-build-debug/CMakeFiles/CMakeTmp

Run Build Command(s):C:/PROGRA~1/MINGW-~1/X86_64~1.0-P/mingw64/bin/mingw32-make.exe -f Makefile cmTC_39e2b/fast && C:/PROGRA~1/MINGW-~1/X86_64~1.0-P/mingw64/bin/mingw32-make.exe  -f CMakeFiles\cmTC_39e2b.dir\build.make CMakeFiles/cmTC_39e2b.dir/build
mingw32-make.exe[1]: Entering directory 'C:/Users/rodri/OneDrive/Documentos/GitHub/circular-array-rodricar99/cmake-build-debug/CMakeFiles/CMakeTmp'
Building C object CMakeFiles/cmTC_39e2b.dir/testCCompiler.c.obj
C:\PROGRA~1\MINGW-~1\X86_64~1.0-P\mingw64\bin\gcc.exe    -o CMakeFiles\cmTC_39e2b.dir\testCCompiler.c.obj -c C:\Users\rodri\OneDrive\Documentos\GitHub\circular-array-rodricar99\cmake-build-debug\CMakeFiles\CMakeTmp\testCCompiler.c
Linking C executable cmTC_39e2b.exe
"C:\Program Files\JetBrains\CLion 2021.1.1\bin\cmake\win\bin\cmake.exe" -E cmake_link_script CMakeFiles\cmTC_39e2b.dir\link.txt --verbose=1
"C:\Program Files\JetBrains\CLion 2021.1.1\bin\cmake\win\bin\cmake.exe" -E rm -f CMakeFiles\cmTC_39e2b.dir/objects.a
C:\PROGRA~1\MINGW-~1\X86_64~1.0-P\mingw64\bin\ar.exe cr CMakeFiles\cmTC_39e2b.dir/objects.a @CMakeFiles\cmTC_39e2b.dir\objects1.rsp
C:\PROGRA~1\MINGW-~1\X86_64~1.0-P\mingw64\bin\gcc.exe -Wl,--whole-archive CMakeFiles\cmTC_39e2b.dir/objects.a -Wl,--no-whole-archive -o cmTC_39e2b.exe -Wl,--out-implib,libcmTC_39e2b.dll.a -Wl,--major-image-version,0,--minor-image-version,0 @CMakeFiles\cmTC_39e2b.dir\linklibs.rsp
mingw32-make.exe[1]: Leaving directory 'C:/Users/rodri/OneDrive/Documentos/GitHub/circular-array-rodricar99/cmake-build-debug/CMakeFiles/CMakeTmp'



